2022-12-30 21:30:13 : Notion Connection 200
2022-12-30 21:30:13 : ##########################################################
2022-12-30 21:30:13 : do nothing :Promotions Q2 2023
2022-12-30 21:30:13 : do nothing :Promotions Q1 2023
2022-12-30 21:30:13 : do nothing :Review security report 
2022-12-30 21:30:13 : do nothing :Brain dump doc
2022-12-30 21:30:13 : do nothing :Patching 
2022-12-30 21:30:13 : do nothing :Daily Standup Notes and Actions 
2022-12-30 21:30:13 : do nothing :Update Caleb notes 
2022-12-30 21:30:13 : do nothing :Nate Campbell
2022-12-30 21:30:13 : do nothing :Review Tickets tt
2022-12-30 21:30:13 : do nothing :Account Baselining 
2022-12-30 21:30:14 : do nothing :Ian [Weekly]
2022-12-30 21:30:14 : do nothing :Policy Engine 
2022-12-30 21:30:14 : do nothing :Cost Savings 
2022-12-30 21:30:14 : do nothing :Mark [Weekly] 
2022-12-30 21:30:14 : do nothing :Testing Action
2022-12-30 21:30:14 : do nothing :Caleb [ Weekly]
2022-12-30 21:30:14 : do nothing :Shayesta [Weekly]
2022-12-30 21:30:14 : do nothing :Joe [Weekly]
2022-12-30 21:30:14 : do nothing :Iancott Weekly Staff Meeting [Weekly]
2022-12-30 21:30:14 : do nothing :Sanjit [Weekly]
2022-12-30 21:30:14 : do nothing :Weekly Ops Handover
2022-12-30 21:30:14 : do nothing :Saransh [Weekly]
2022-12-30 21:30:14 : do nothing :Babacar [Weekly]
2022-12-30 21:30:14 : do nothing :Bradley [Weekly]
2022-12-30 21:30:14 : do nothing :Jacob [Weekly]
2022-12-30 21:30:14 : do nothing :OHM WBR [Weekly]
2022-12-30 21:30:14 : do nothing :Kurian [Weekly]
2022-12-30 21:30:14 : do nothing :Follow up PIMMS meeting with Kurian 
2022-12-30 21:30:14 : do nothing :[my training] New Amazon Day 1 Manager Onboarding
2022-12-30 21:30:14 : do nothing :Update Will
2022-12-30 21:30:14 : do nothing :Look at my priorities!
2022-12-30 21:30:14 : do nothing :Build Rancher
2022-12-30 21:30:14 : do nothing :Have Grandfather clock seen to 
2022-12-30 21:30:14 : do nothing :End of the week review 
2022-12-30 21:31:01 : readActions
2022-12-30 21:31:38 : readActions
